<?xml version="1.0" encoding="UTF-8"?>
<!-- Generated by org.testng.reporters.JUnitReportReporter -->
<testsuite hostname="anish" name="maventest.TestMaven" tests="2" failures="0" timestamp="2 May 2017 18:13:01 GMT" time="10.384" errors="0">
  <testcase name="wordpress" time="0.697" classname="maventest.TestMaven"/>
  <testcase name="gcreddy" time="9.687" classname="maventest.TestMaven"/>
</testsuite> <!-- maventest.TestMaven -->
