<?xml version="1.0" encoding="UTF-8"?>
<!-- Generated by org.testng.reporters.JUnitReportReporter -->
<testsuite hostname="anish" name="maventest.TestMaven" tests="2" failures="0" timestamp="4 May 2017 05:02:12 GMT" time="17.241" errors="0">
  <testcase name="wordpress" time="6.483" classname="maventest.TestMaven"/>
  <testcase name="gcreddy" time="10.758" classname="maventest.TestMaven"/>
</testsuite> <!-- maventest.TestMaven -->
