<?xml version="1.0" encoding="UTF-8"?>
<!-- Generated by org.testng.reporters.JUnitReportReporter -->
<testsuite hostname="anish" name="TestMaven" tests="2" failures="0" timestamp="16 Apr 2017 16:37:11 GMT" time="16.970" errors="0">
  <testcase name="wordpress" time="4.002" classname="TestMaven"/>
  <testcase name="gcreddy" time="12.968" classname="TestMaven"/>
</testsuite> <!-- TestMaven -->
